0 info it worked if it ends with ok
1 verbose cli [ 'node', '/usr/bin/npm', 'build', 'serialport' ]
2 info using npm@3.10.9
3 info using node@v0.10.41
4 verbose node symlink /usr/bin/node
5 info build /home/pi/code/nodejs/iot_localisation/serialport
6 verbose stack Error: ENOENT, open '/home/pi/code/nodejs/iot_localisation/serialport/package.json'
7 verbose cwd /home/pi/code/nodejs/iot_localisation
8 error Linux 4.1.19-v7+
9 error argv "node" "/usr/bin/npm" "build" "serialport"
10 error node v0.10.41
11 error npm  v3.10.9
12 error path /home/pi/code/nodejs/iot_localisation/serialport/package.json
13 error code ENOENT
14 error errno 34
15 error enoent ENOENT, open '/home/pi/code/nodejs/iot_localisation/serialport/package.json'
16 error enoent ENOENT, open '/home/pi/code/nodejs/iot_localisation/serialport/package.json'
16 error enoent This is most likely not a problem with npm itself
16 error enoent and is related to npm not being able to find a file.
17 verbose exit [ 34, true ]
